Arguments: 
  C:\Program Files\nodejs\node.exe C:\Users\Ghulam Muhamamd\AppData\Roaming\npm\node_modules\yarn\bin\yarn.js

PATH: 
  C:\Windows\system32;C:\Windows;C:\Windows\System32\Wbem;C:\Windows\System32\WindowsPowerShell\v1.0\;C:\Windows\System32\OpenSSH\;C:\Program Files\nodejs\;C:\Program Files\Git\cmd;D:\downloads april 2020\downloads june 2021\Compressed\flutter\bin;C:\Program Files\MongoDB\Server\5.0\bin;C:\Users\Ghulam Muhamamd\AppData\Local\Microsoft\WindowsApps;;C:\Program Files\JetBrains\IntelliJ IDEA 2021.1.2\bin;;C:\Users\Ghulam Muhamamd\AppData\Roaming\npm;C:\Users\Ghulam Muhamamd\AppData\Local\Programs\Microsoft VS Code\bin;C:\Program Files\JetBrains\IntelliJ IDEA Community Edition 2021.2.3\bin;

Yarn version: 
  1.22.17

Node version: 
  16.13.0

Platform: 
  win32 x64

Trace: 
  Error: https://registry.yarnpkg.com/@material-ui/icons/-/icons-5.0.0-beta.0.tgz: ESOCKETTIMEDOUT
      at ClientRequest.<anonymous> (C:\Users\Ghulam Muhamamd\AppData\Roaming\npm\node_modules\yarn\lib\cli.js:141510:19)
      at Object.onceWrapper (node:events:509:28)
      at ClientRequest.emit (node:events:390:28)
      at TLSSocket.emitRequestTimeout (node:_http_client:763:9)
      at Object.onceWrapper (node:events:509:28)
      at TLSSocket.emit (node:events:402:35)
      at TLSSocket.Socket._onTimeout (node:net:501:8)
      at listOnTimeout (node:internal/timers:557:17)
      at processTimers (node:internal/timers:500:7)

npm manifest: 
  {
    "name": "retail-back-office-demo",
    "version": "0.1.0",
    "license": "MIT",
    "scripts": {
      "start": "react-scripts start",
      "build": "react-scripts build",
      "test": "react-scripts test",
      "eject": "react-scripts eject"
    },
    "browserslist": {
      "production": [
        ">0.2%",
        "not dead",
        "not op_mini all"
      ],
      "development": [
        "last 1 chrome version",
        "last 1 firefox version",
        "last 1 safari version"
      ]
    },
    "eslintConfig": {
      "extends": [
        "react-app",
        "react-app/jest"
      ]
    },
    "dependencies": {
      "@emotion/react": "^11.4.0",
      "@emotion/styled": "^11.3.0",
      "@material-ui/core": "5.0.0-beta.0",
      "@material-ui/icons": "5.0.0-beta.0",
      "@material-ui/lab": "5.0.0-alpha.39",
      "apexcharts": "^3.27.2",
      "date-fns": "^2.22.1",
      "formik": "^2.2.9",
      "history": "^5.0.0",
      "prop-types": "^15.7.2",
      "react": "^17.0.2",
      "react-apexcharts": "^1.3.9",
      "react-dom": "^17.0.2",
      "react-helmet": "^6.1.0",
      "react-router-dom": "^6.0.0-beta.0",
      "react-scripts": "4.0.3",
      "simplebar": "^5.3.5",
      "simplebar-react": "^2.3.5",
      "yup": "^0.32.9"
    },
    "devDependencies": {
      "eslint-config-airbnb": "^18.2.1"
    }
  }

yarn manifest: 
  No manifest

Lockfile: 
  No lockfile
